<?xml version="1.0" encoding="UTF-8"?>
<!-- Generated by org.testng.reporters.JUnitReportReporter -->
<testsuite hostname="Utkarshpandey1809" failures="0" tests="2" name="Facebok.FacebookPage" time="88.224" errors="0" timestamp="2024-01-10T14:15:22 IST" skipped="0">
  <testcase classname="Facebok.FacebookPage" name="TC_01_Verify_if_User_can_Login_With_only_Correct_URL" time="11.151"/>
  <system-out/>
  <testcase classname="Facebok.FacebookPage" name="TC_01_Verify_if_user_can_create_new_account" time="77.073"/>
  <system-out/>
</testsuite> <!-- Facebok.FacebookPage -->
