<?xml version="1.0" encoding="UTF-8"?>
<!-- Generated by org.testng.reporters.JUnitReportReporter -->
<testsuite hostname="Utkarshpandey1809" failures="0" tests="3" name="Facebok.Project1" time="135.426" errors="0" timestamp="2024-01-10T15:10:40 IST" skipped="0">
  <testcase classname="Facebok.Project1" name="TC_01_Verify_if_User_can_Login_With_only_Correct_URL" time="11.139"/>
  <system-out/>
  <testcase classname="Facebok.Project1" name="TC_01_Verify_if_user_can_create_new_account" time="83.911"/>
  <system-out/>
  <testcase classname="Facebok.Project1" name="TC_03" time="40.376"/>
  <system-out/>
</testsuite> <!-- Facebok.Project1 -->
